<?xml version="1.0" encoding="UTF-8" ?>
<testsuite tests="5" failures="0" name="com.company.MobileCart.SpringTest" time="9.076" errors="0" skipped="5">
  <properties>
[...]
</properties>
  <testcase classname="com.company.MobileCart.SpringTest" name="getUserDetailsById" time="1.803">
    <skipped/>
    <system-err>Jun 12, 2018 6:40:06 PM org.springframework.test.context.support.AbstractTestContextBootstrapper getDefaultTestExecutionListenerClassNames
INFO: Loaded default TestExecutionListener class names from location [META-INF/spring.factories]: [org.springframework.test.context.web.ServletTestExecutionListener, org.springframework.test.context.support.DirtiesContextBeforeModesTestExecutionListener, org.springframework.test.context.support.DependencyInjectionTestExecutionListener, org.springframework.test.context.support.DirtiesContextTestExecutionListener, org.springframework.test.context.transaction.TransactionalTestExecutionListener, org.springframework.test.context.jdbc.SqlScriptsTestExecutionListener]
Jun 12, 2018 6:40:06 PM org.springframework.test.context.support.AbstractTestContextBootstrapper getTestExecutionListeners
INFO: Using TestExecutionListeners: [org.springframework.test.context.support.DirtiesContextBeforeModesTestExecutionListener@47c62251, org.springframework.test.context.support.DependencyInjectionTestExecutionListener@3e6fa38a, org.springframework.test.context.support.DirtiesContextTestExecutionListener@66a3ffec, org.springframework.test.context.transaction.TransactionalTestExecutionListener@77caeb3e, org.springframework.test.context.jdbc.SqlScriptsTestExecutionListener@1e88b3c]
</system-err>
  </testcase>
  <testcase classname="com.company.MobileCart.SpringTest" name="updateUserDetails" time="1.803">
    <skipped/>
  </testcase>
  <testcase classname="com.company.MobileCart.SpringTest" name="getUserDetails" time="1.818">
    <skipped/>
  </testcase>
  <testcase classname="com.company.MobileCart.SpringTest" name="deleteUserDetails" time="1.818">
    <skipped/>
  </testcase>
  <testcase classname="com.company.MobileCart.SpringTest" name="addUserDetails" time="1.834">
    <skipped/>
  </testcase>
</testsuite>